<?xml version="1.0" encoding="UTF-8"?>
<!-- Generated by org.testng.reporters.JUnitReportReporter -->
<testsuite hostname="ShibaShankar" failures="0" tests="12" name="runner.MyRunner" time="159.837" errors="0" timestamp="2023-06-14T11:55:51 IST" skipped="0">
  <testcase classname="runner.MyRunner" name="runScenario" time="7.292"/>
  <system-out>
    <![CDATA[Browser opened in Chrome
FirstName not entered into the Firstname field
LastName not entered into the Lastname field
Email id not Entered into the Email address field
Phone number not entered into telephone field
Password not Entered in to the password field
Password not Entered in to the confirm password field
Clicked on Privacy Policy
Clicked on Continue button
The Warning Messages are:
First Name must be between 1 and 32 characters!
Last Name must be between 1 and 32 characters!
E-Mail Address does not appear to be valid!
Telephone must be between 3 and 32 characters!
Password must be between 4 and 20 characters!]]>
  </system-out>
  <testcase classname="runner.MyRunner" name="runScenario" time="5.992"/>
  <system-out>
    <![CDATA[Browser opened in Chrome
Navigated to login page
Entered invalid Email Id in to the email adress text field
Entered Password into the Password textfield
**Clicked on Login Button**
Warning: No match for E-Mail Address and/or Password. : is displayed]]>
  </system-out>
  <testcase classname="runner.MyRunner" name="runScenario" time="6.129"/>
  <system-out>
    <![CDATA[Browser opened in Chrome
Navigated to login page
Entered Email Id in to the email adress text field
Entered Password into the Password textfield
**Clicked on Login Button**
My Account is displayed]]>
  </system-out>
  <testcase classname="runner.MyRunner" name="runScenario" time="5.681"/>
  <system-out>
    <![CDATA[Browser opened in Chrome
Product name Entered in to the Search text field
Clicked on Search Button==]]>
  </system-out>
  <testcase classname="runner.MyRunner" name="runScenario" time="5.226"/>
  <system-out>
    <![CDATA[Browser opened in Chrome
Product name Entered in to the Search text field
Clicked on Search Button==]]>
  </system-out>
  <testcase classname="runner.MyRunner" name="runScenario" time="11.379"/>
  <system-out>
    <![CDATA[Browser opened in Chrome
FirstName entered into the Firstname field
LastName entered into the Lastname field
Email id Entered into the Email address field
Phone number entered into telephone field
Password Entered in to the password field
Password Entered in to the confirm password field
Clicked on Privacy Policy
Clicked on Continue button
successfully Created]]>
  </system-out>
  <testcase classname="runner.MyRunner" name="runScenario" time="5.995"/>
  <system-out>
    <![CDATA[Browser opened in Chrome
Nothing Entered in to the Search text field
Clicked on Search Button==
Should get Some Relevent Product]]>
  </system-out>
  <testcase classname="runner.MyRunner" name="runScenario" time="7.230"/>
  <system-out>
    <![CDATA[Browser opened in Chrome
Navigated to login page
Entered nothing in to the email adress text field
Entered nothing into the Password textfield
**Clicked on Login Button**
Warning: No match for E-Mail Address and/or Password. : is displayed]]>
  </system-out>
  <testcase classname="runner.MyRunner" name="runScenario" time="6.132"/>
  <system-out>
    <![CDATA[Browser opened in Chrome
Navigated to login page
Entered invalid Email Id in to the email adress text field
Entered Password into the Password textfield
**Clicked on Login Button**
Warning: Your account has exceeded allowed number of login attempts. Please try again in 1 hour. : is displayed]]>
  </system-out>
  <testcase classname="runner.MyRunner" name="runScenario" time="84.160"/>
  <system-out>
    <![CDATA[Browser opened in Chrome
FirstName entered into the Firstname field
LastName entered into the Lastname field
Email id Entered into the Email address field
Phone number entered into telephone field
Password Entered in to the password field
Password Entered in to the confirm password field
Clicked on Yes in news letter
Clicked on Privacy Policy
Clicked on Continue button
The warning message is: Warning: E-Mail Address is already registered!]]>
  </system-out>
  <testcase classname="runner.MyRunner" name="runScenario" time="6.093"/>
  <system-out>
    <![CDATA[Browser opened in Chrome
Navigated to login page
Entered invalid Email Id in to the email adress text field
Entered Password into the Password textfield
**Clicked on Login Button**
Warning: No match for E-Mail Address and/or Password. : is displayed]]>
  </system-out>
  <testcase classname="runner.MyRunner" name="runScenario" time="8.528"/>
  <system-out>
    <![CDATA[Browser opened in Chrome
FirstName entered into the Firstname field
LastName entered into the Lastname field
Email id Entered into the Email address field
Phone number entered into telephone field
Password Entered in to the password field
Password Entered in to the confirm password field
Clicked on Yes in news letter
Clicked on Privacy Policy
Clicked on Continue button
successfully Created]]>
  </system-out>
</testsuite> <!-- runner.MyRunner -->
